"E:/Unreal Engine Projects/ToonTanks/Content/Assets/Materials/M_ParticleBase.uasset" 0
"E:/Unreal Engine Projects/ToonTanks/Content/Assets/Materials/M_Particle_Inst.uasset" 1
"E:/Unreal Engine Projects/ToonTanks/Content/Assets/Meshes/SM_Sphere.uasset" 2
"E:/Unreal Engine Projects/ToonTanks/Content/Assets/Effects/P_DeathEffect.uasset" 3
"E:/Unreal Engine Projects/ToonTanks/Content/Assets/Audio/Explode_Audio.uasset" 4
"E:/Unreal Engine Projects/ToonTanks/Content/Assets/Effects/P_HitEffect.uasset" 5
"E:/Unreal Engine Projects/ToonTanks/Content/Assets/Audio/Thud_Audio.uasset" 6
"E:/Unreal Engine Projects/ToonTanks/Content/Assets/Textures/T_ColourGrid.uasset" 7
"E:/Unreal Engine Projects/ToonTanks/Content/Assets/Materials/M_TextureBase.uasset" 8
"E:/Unreal Engine Projects/ToonTanks/Content/Assets/Materials/M_Texture_Inst.uasset" 9
"E:/Unreal Engine Projects/ToonTanks/Content/Assets/Materials/M_EmissiveBase.uasset" 10
"E:/Unreal Engine Projects/ToonTanks/Content/Assets/Materials/M_EmissiveRed_Inst.uasset" 11
"E:/Unreal Engine Projects/ToonTanks/Content/Assets/Meshes/SM_Projectile.uasset" 12
"E:/Unreal Engine Projects/ToonTanks/Content/Blueprints/CameraShake/HitCameraShake.uasset" 13
"E:/Unreal Engine Projects/ToonTanks/Content/Assets/Effects/P_ProjectileTrail.uasset" 14
"E:/Unreal Engine Projects/ToonTanks/Content/Blueprints/Actors/BP_Projectile.uasset" 15
"E:/Unreal Engine Projects/ToonTanks/Content/Blueprints/CameraShake/DeathCameraShake.uasset" 16
"E:/Unreal Engine Projects/ToonTanks/Content/Assets/Materials/M_EmissiveGreen_Inst.uasset" 17
"E:/Unreal Engine Projects/ToonTanks/Content/Assets/Meshes/SM_TankTurret.uasset" 18
"E:/Unreal Engine Projects/ToonTanks/Content/Assets/Meshes/SM_TankBase.uasset" 19
"E:/Unreal Engine Projects/ToonTanks/Content/Blueprints/Pawns/BP_PawnTank.uasset" 20
"E:/Unreal Engine Projects/ToonTanks/Content/Blueprints/PlayerController/BP_ToonTanksPlayerController.uasset" 21
"E:/Unreal Engine Projects/ToonTanks/Content/Blueprints/Widgets/WBP_EndGameWidget.uasset" 22
"E:/Unreal Engine Projects/ToonTanks/Content/Blueprints/Widgets/WBP_HUDWidget.uasset" 23
"E:/Unreal Engine Projects/ToonTanks/Content/Blueprints/Widgets/WBP_StartGameWidget.uasset" 24
"E:/Unreal Engine Projects/ToonTanks/Content/Blueprints/GameMode/BP_ToonTanksGameMode.uasset" 25
"E:/Unreal Engine Projects/ToonTanks/Content/Blueprints/Actors/BP_Projectile_Heavy.uasset" 26
"E:/Unreal Engine Projects/ToonTanks/Content/Assets/Textures/ToonTanksNPCTexture2.uasset" 27
"E:/Unreal Engine Projects/ToonTanks/Content/Assets/Materials/Material_001.uasset" 28
"E:/Unreal Engine Projects/ToonTanks/Content/Assets/Meshes/BiggerToonTank_TankTurret.uasset" 29
"E:/Unreal Engine Projects/ToonTanks/Content/Assets/Meshes/BiggerToonTank_TankBase.uasset" 30
"E:/Unreal Engine Projects/ToonTanks/Content/Blueprints/AIController/BP_ToonTanksAIController.uasset" 31
"E:/Unreal Engine Projects/ToonTanks/Content/Blueprints/Pawns/BP_enemyTank.uasset" 32
"E:/Unreal Engine Projects/ToonTanks/Content/Blueprints/Pawns/BP_EnemyTank_Heavy.uasset" 33
"E:/Unreal Engine Projects/ToonTanks/Content/Blueprints/Pawns/BP_PawnTank_Heavy.uasset" 34
"E:/Unreal Engine Projects/ToonTanks/Content/Blueprints/Pawns/BP_TowerMoving.uasset" 35
"E:/Unreal Engine Projects/ToonTanks/Content/Assets/Materials/Material_002.uasset" 36
"E:/Unreal Engine Projects/ToonTanks/Content/Assets/Meshes/FloatyEnemy_Turret.uasset" 37
"E:/Unreal Engine Projects/ToonTanks/Content/Assets/Meshes/FloatyEnemy_Base.uasset" 38
"E:/Unreal Engine Projects/ToonTanks/Content/Blueprints/Pawns/BP_SimpleFloater.uasset" 39
"../../../Engine/Content/EngineMaterials/T_Default_Material_Grid_N.uasset" 40
"../../../Engine/Content/EngineMaterials/T_Default_Material_Grid_M.uasset" 41
"../../../Engine/Content/Functions/Engine_MaterialFunctions01/Opacity/CameraDepthFade.uasset" 42
"../../../Engine/Content/EngineMaterials/WorldGridMaterial.uasset" 43
"../../../Engine/Content/ArtTools/RenderToTexture/Meshes/S_1_Unit_Plane.uasset" 44
"../../../Engine/Content/EngineMaterials/DefaultMaterial.uasset" 45
"../../../Engine/Content/BasicShapes/Cone.uasset" 46
"../../../Engine/Content/BasicShapes/Plane.uasset" 47
"../../../Engine/Content/BasicShapes/Sphere.uasset" 48
"../../../Engine/Content/EditorLandscapeResources/DataLayer.uasset" 49
"../../../Engine/Content/EditorLandscapeResources/DefaultAlphaTexture.uasset" 50
"../../../Engine/Content/EditorMaterials/MAT_Groups_Toggle.uasset" 51
"../../../Engine/Content/EditorMaterials/MAT_Groups_Visibility.uasset" 52
"../../../Engine/Content/EditorMaterials/PreviewShadowIndicator.uasset" 53
"../../../Engine/Content/EditorMaterials/PreviewShadowIndicatorMaterial.uasset" 54
"../../../Engine/Content/EditorMaterials/MatineeGroups/MAT_ColorTrack.uasset" 55
"../../../Engine/Content/EditorMaterials/MatineeGroups/MAT_Groups_Anim.uasset" 56
"../../../Engine/Content/EditorMaterials/MatineeGroups/MAT_Groups_AudioMaster.uasset" 57
"../../../Engine/Content/EditorMaterials/MatineeGroups/MAT_Groups_Director.uasset" 58
"../../../Engine/Content/EditorMaterials/MatineeGroups/MAT_Groups_Event.uasset" 59
"../../../Engine/Content/EditorMaterials/MatineeGroups/MAT_Groups_Fade.uasset" 60
"../../../Engine/Content/EditorMaterials/MatineeGroups/MAT_Groups_Float.uasset" 61
"../../../Engine/Content/EditorMaterials/MatineeGroups/MAT_Groups_Move.uasset" 62
"../../../Engine/Content/EditorMaterials/MatineeGroups/MAT_Groups_Slomo.uasset" 63
"../../../Engine/Content/EditorMaterials/MatineeGroups/MAT_Groups_Sound.uasset" 64
"../../../Engine/Content/EditorMaterials/MatineeGroups/MAT_Groups_Vector.uasset" 65
"../../../Engine/Content/EditorMaterials/ParticleSystems/PSysThumbnail_NoImage.uasset" 66
"../../../Engine/Content/EditorMaterials/ParticleSystems/PSysThumbnail_OOD.uasset" 67
"../../../Engine/Content/EditorMaterials/Camera/CineMat.uasset" 68
"../../../Engine/Content/EditorMaterials/Camera/MI_CineMat_Rig.uasset" 69
"../../../Engine/Content/EditorMeshes/Camera/SM_CraneRig_Arm.uasset" 70
"../../../Engine/Content/EditorMeshes/Camera/SM_CraneRig_Base.uasset" 71
"../../../Engine/Content/EditorMeshes/Camera/SM_CraneRig_Body.uasset" 72
"../../../Engine/Content/EditorMeshes/Camera/SM_CraneRig_Mount.uasset" 73
"../../../Engine/Content/EditorMeshes/Camera/SM_RailRig_Mount.uasset" 74
"../../../Engine/Content/EditorMeshes/Camera/SM_RailRig_Track.uasset" 75
"../../../Engine/Content/EditorResources/BSPVertex.uasset" 76
"../../../Engine/Content/EditorResources/EmptyActor.uasset" 77
"../../../Engine/Content/EditorResources/S_Actor.uasset" 78
"../../../Engine/Content/EditorResources/S_Note.uasset" 79
"../../../Engine/Content/EditorResources/S_Solver.uasset" 80
"../../../Engine/Content/EditorResources/S_Terrain.uasset" 81
"../../../Engine/Content/EditorResources/S_Trigger.uasset" 82
"../../../Engine/Content/EditorResources/LightIcons/S_LightError.uasset" 83
"../../../Engine/Content/EditorResources/SequenceRecorder/Countdown.uasset" 84
"../../../Engine/Content/EditorResources/SequenceRecorder/RecordingIndicator.uasset" 85
"../../../Engine/Content/EngineDamageTypes/DmgTypeBP_Environmental.uasset" 86
"../../../Engine/Content/EngineDebugMaterials/DebugEditorMaterial.uasset" 87
"../../../Engine/Content/EngineDebugMaterials/DebugMeshMaterial.uasset" 88
"../../../Engine/Content/EngineDebugMaterials/M_SimpleUnlitTranslucent.uasset" 89
"../../../Engine/Content/Functions/Engine_MaterialFunctions02/Utility/CameraDirectionVector.uasset" 90
"../../../Engine/Content/EngineDebugMaterials/VolumeToRender.uasset" 91
"../../../Engine/Content/EngineDebugMaterials/M_VolumeRenderSphereTracePP.uasset" 92
"../../../Engine/Content/Functions/Engine_MaterialFunctions01/Shading/ConvertFromDiffSpec.uasset" 93
"../../../Engine/Content/EngineDebugMaterials/VertexColorMaterial.uasset" 94
"../../../Engine/Content/EngineDebugMaterials/WireframeMaterial.uasset" 95
"../../../Engine/Content/EngineFonts/Faces/RobotoBold.uasset" 96
"../../../Engine/Content/EngineFonts/Faces/DroidSansFallback.uasset" 97
"../../../Engine/Content/EngineFonts/Faces/RobotoRegular.uasset" 98
"../../../Engine/Content/EngineFonts/Faces/RobotoLight.uasset" 99
"../../../Engine/Content/EngineFonts/Faces/RobotoItalic.uasset" 100
"../../../Engine/Content/EngineFonts/Faces/RobotoBoldItalic.uasset" 101
"../../../Engine/Content/EngineFonts/Roboto.uasset" 102
"../../../Engine/Content/EngineMaterials/BaseFlattenNormalMap.uasset" 103
"../../../Engine/Content/EngineMaterials/BaseFlattenGrayscaleMap.uasset" 104
"../../../Engine/Content/EngineMaterials/BaseFlattenEmissiveMap.uasset" 105
"../../../Engine/Content/EngineMaterials/BaseFlattenDiffuseMap.uasset" 106
"../../../Engine/Content/EngineMaterials/BaseFlattenMaterial.uasset" 107
"../../../Engine/Content/EngineMaterials/BlueNoise.uasset" 108
"../../../Engine/Content/EngineMaterials/DefaultBloomKernel.uasset" 109
"../../../Engine/Content/EngineMaterials/DefaultBokeh.uasset" 110
"../../../Engine/Content/EngineMaterials/DefaultDiffuse.uasset" 111
"../../../Engine/Content/EngineMaterials/DefaultDeferredDecalMaterial.uasset" 112
"../../../Engine/Content/EngineMaterials/DefaultLightFunctionMaterial.uasset" 113
"../../../Engine/Content/EngineMaterials/DefaultPhysicalMaterial.uasset" 114
"../../../Engine/Content/Functions/Engine_MaterialFunctions02/Utility/BreakOutFloat2Components.uasset" 115
"../../../Engine/Content/EngineMaterials/DefaultPostProcessMaterial.uasset" 116
"../../../Engine/Content/EngineFonts/RobotoDistanceField.uasset" 117
"../../../Engine/Content/EngineMaterials/DefaultTextMaterialOpaque.uasset" 118
"../../../Engine/Content/EngineMaterials/DefaultWhiteGrid.uasset" 119
"../../../Engine/Content/EngineMaterials/DefaultWhiteGrid_Low.uasset" 120
"../../../Engine/Content/EngineMaterials/EmissiveMeshMaterial.uasset" 121
"../../../Engine/Content/EngineMaterials/GizmoMaterial.uasset" 122
"../../../Engine/Content/EngineMaterials/Good64x64TilingNoiseHighFreq.uasset" 123
"../../../Engine/Content/EngineMaterials/MiniFont.uasset" 124
"../../../Engine/Content/EngineMaterials/InvalidLightmapSettings.uasset" 125
"../../../Engine/Content/EngineMaterials/M_InvalidLightmapSettings.uasset" 126
"../../../Engine/Content/Functions/Engine_MaterialFunctions02/WorldPositionOffset/CameraOffset.uasset" 127
"../../../Engine/Content/EngineMaterials/PhAT_JointLimitMaterial.uasset" 128
"../../../Engine/Content/EngineMaterials/PreintegratedSkinBRDF.uasset" 129
"../../../Engine/Content/EngineMaterials/RemoveSurfaceMaterial.uasset" 130
"../../../Engine/Content/EngineMaterials/WeightMapPlaceholderTexture.uasset" 131
"../../../Engine/Content/EngineResources/WhiteSquareTexture.uasset" 132
"../../../Engine/Content/EngineMaterials/Widget3DPassThrough.uasset" 133
"../../../Engine/Content/EngineMaterials/Widget3DPassThrough_Masked.uasset" 134
"../../../Engine/Content/EngineMaterials/Widget3DPassThrough_Opaque.uasset" 135
"../../../Engine/Content/EngineMaterials/Widget3DPassThrough_Masked_OneSided.uasset" 136
"../../../Engine/Content/EngineMaterials/Widget3DPassThrough_Opaque_OneSided.uasset" 137
"../../../Engine/Content/EngineMaterials/Widget3DPassThrough_Translucent.uasset" 138
"../../../Engine/Content/EngineMaterials/Widget3DPassThrough_Translucent_OneSided.uasset" 139
"../../../Engine/Content/EngineMeshes/Cylinder.uasset" 140
"../../../Engine/Content/EngineMeshes/Sphere.uasset" 141
"../../../Engine/Content/EngineResources/Black.uasset" 142
"../../../Engine/Content/EngineResources/DefaultTextureCube.uasset" 143
"../../../Engine/Content/EngineResources/DefaultVolumeTexture2D.uasset" 144
"../../../Engine/Content/EngineResources/DefaultVolumeTexture.uasset" 145
"../../../Engine/Content/EngineResources/GradientTexture0.uasset" 146
"../../../Engine/Content/EngineSky/VolumetricClouds/T_NoiseShape64.uasset" 147
"../../../Engine/Content/EngineSky/VolumetricClouds/T_VolumeNoiseShape64.uasset" 148
"../../../Engine/Content/EngineSky/VolumetricClouds/T_NoiseErosion.uasset" 149
"../../../Engine/Content/EngineSky/VolumetricClouds/T_VolumeNoiseErosion32.uasset" 150
"../../../Engine/Content/EngineSky/VolumetricClouds/CloudWeatherTexture.uasset" 151
"../../../Engine/Content/EngineSky/VolumetricClouds/CloudGradientTexture.uasset" 152
"../../../Engine/Content/Functions/Engine_MaterialFunctions02/Utility/MakeFloat2.uasset" 153
"../../../Engine/Content/EngineSky/VolumetricClouds/m_SimpleVolumetricCloud.uasset" 154
"../../../Engine/Content/EngineSky/VolumetricClouds/m_SimpleVolumetricCloud_Inst.uasset" 155
"../../../Engine/Content/EngineSounds/Master.uasset" 156
"../../../Engine/Content/Functions/Engine_MaterialFunctions01/Shading/PowerToRoughness.uasset" 157
"../../../Engine/Content/Maps/Templates/Thumbnails/Default.uasset" 158
"../../../Engine/Content/Maps/Templates/Thumbnails/TimeOfDay.uasset" 159
"../../../Engine/Content/Maps/Templates/Thumbnails/VR-Basic.uasset" 160
"../../../Engine/Content/MobileResources/T_MobileControls_texture.uasset" 161
"../../../Engine/Content/MobileResources/T_MobileMenu2.uasset" 162
"../../../Engine/Content/MobileResources/HUD/AnalogHat.uasset" 163
"../../../Engine/Content/MobileResources/HUD/VirtualJoystick_Thumb.uasset" 164
"../../../Engine/Content/MobileResources/HUD/VirtualJoystick_Background.uasset" 165
"../../../Engine/Content/MobileResources/HUD/DefaultVirtualJoysticks.uasset" 166
"../../../Engine/Content/MobileResources/HUD/LeftVirtualJoystickOnly.uasset" 167
"../../../Engine/Content/MobileResources/HUD/MobileHUDButton1_off.uasset" 168
"../../../Engine/Content/MobileResources/HUD/MobileHUDButton1_on.uasset" 169
"../../../Engine/Content/MobileResources/HUD/MobileHUDButton2_off.uasset" 170
"../../../Engine/Content/MobileResources/HUD/MobileHUDButton2_on.uasset" 171
"../../../Engine/Content/MobileResources/HUD/MobileHUDButton3.uasset" 172
"../../../Engine/Content/MobileResources/HUD/MobileHUDButtonFire.uasset" 173
"../../../Engine/Content/MobileResources/HUD/MobileHUDDirectionPad.uasset" 174
"../../../Engine/Content/MobileResources/HUD/MobileHUDDirectionPad2.uasset" 175
"../../../Engine/Content/MobileResources/HUD/MobileHUDDirectionPad3.uasset" 176
"../../../Engine/Content/MobileResources/HUD/MobileHUDDirectionStick.uasset" 177
"../../../Engine/Content/MobileResources/HUD/T_Castle_ThumbstickInner.uasset" 178
"../../../Engine/Content/MobileResources/HUD/T_Castle_ThumbstickOutter.uasset" 179
"../../../Engine/Content/Tutorial/ContentIntroCurve.uasset" 180
"../../../Engine/Content/Tutorial/Basics/ContentBrowserOverview.uasset" 181
"../../../Engine/Content/Tutorial/Basics/FeaturePacks.uasset" 182
"../../../Engine/Content/Tutorial/Basics/LevelEditorAttract.uasset" 183
"../../../Engine/Content/Tutorial/Basics/TutorialAssets/icon_tab_Levels_40x.uasset" 184
"../../../Engine/Content/Tutorial/Basics/LevelEditorOverview.uasset" 185
"../../../Engine/Content/Tutorial/Basics/TutorialAssets/CameraActor_64x.uasset" 186
"../../../Engine/Content/Tutorial/Basics/ViewportsTutorial.uasset" 187
"../../../Engine/Content/Tutorial/BlueprintTutorials/TutorialAssets/Blueprint_64x.uasset" 188
"../../../Engine/Content/Tutorial/BlueprintTutorials/BlueprintEditorTutorial.uasset" 189
"../../../Engine/Content/Tutorial/InWorldBlueprintEditing/IWBE_Tutorial.uasset" 190
"../../../Engine/Content/Tutorial/InWorldBlueprintEditing/IWBE_Tutorial_Part2.uasset" 191
"../../../Engine/Content/Tutorial/InWorldBlueprintEditing/IWBE_Tutorial_Part3.uasset" 192
"../../../Engine/Content/VREditor/TransformGizmo/TranslucentTransformGizmoMaterial.uasset" 193
"../../../Engine/Content/VREditor/LaserPointer/VR_LaserPower_01.uasset" 194
"../../../Engine/Content/VREditor/TransformGizmo/TransformGizmoMaterial.uasset" 195
"../../../Engine/Content/VREditor/TransformGizmo/BoundingBoxCorner.uasset" 196
"../../../Engine/Content/VREditor/TransformGizmo/BoundingBoxEdge.uasset" 197
"../../../Engine/Content/VREditor/TransformGizmo/PlaneTranslationHandle.uasset" 198
"../../../Engine/Content/VREditor/TransformGizmo/Xray.uasset" 199
"../../../Engine/Content/VREditor/TransformGizmo/Main.uasset" 200
"../../../Engine/Content/VREditor/TransformGizmo/SM_Sequencer_Key.uasset" 201
"../../../Engine/Content/VREditor/TransformGizmo/SM_Sequencer_Node.uasset" 202
"../../Plugins/2D/Paper2D/Content/PlaceholderTextures/DummySpriteTexture.uasset" 203
"../../Plugins/2D/Paper2D/Content/DummySprite.uasset" 204
"../../Plugins/2D/Paper2D/Content/DefaultPaperTerrainMaterial.uasset" 205
"../../Plugins/2D/Paper2D/Content/DefaultSpriteMaterial.uasset" 206
"../../Plugins/2D/Paper2D/Content/MaskedUnlitSpriteMaterial.uasset" 207
"../../Plugins/2D/Paper2D/Content/OpaqueUnlitSpriteMaterial.uasset" 208
"../../../Engine/Content/Functions/Engine_MaterialFunctions02/Utility/BreakOutFloat3Components.uasset" 209
"../../Plugins/Editor/SpeedTreeImporter/Content/SpeedTree9/UnpackInteger3.uasset" 210
"../../Plugins/Editor/SpeedTreeImporter/Content/SpeedTree9/UnpackDirection.uasset" 211
"../../Plugins/Editor/SpeedTreeImporter/Content/SpeedTree9/game_wind_noise.uasset" 212
"../../../Engine/Content/Functions/Engine_MaterialFunctions02/SafeNormalize.uasset" 213
"../../Plugins/Editor/SpeedTreeImporter/Content/SpeedTree9/SpeedTreeWindMotion.uasset" 214
"../../Plugins/Editor/SpeedTreeImporter/Content/SpeedTree9/SpeedTreeBranchMotion.uasset" 215
"../../../Engine/Content/Functions/Engine_MaterialFunctions02/ObjectLocalBounds.uasset" 216
"../../../Engine/Content/Functions/Engine_MaterialFunctions02/UVs/BoundingBoxBased_0-1_UVW.uasset" 217
"../../Plugins/Editor/SpeedTreeImporter/Content/SpeedTree9/SpeedTreeWind.uasset" 218
"../../Plugins/Editor/SpeedTreeImporter/Content/SpeedTree9/SpeedTreeBillboard.uasset" 219
"../../../Engine/Content/EngineResources/DefaultTexture.uasset" 220
"../../Plugins/Editor/SpeedTreeImporter/Content/SpeedTree9/SpeedTreeBillboardMaster.uasset" 221
"../../Plugins/Editor/SpeedTreeImporter/Content/SpeedTree9/SpeedTreeCameraFacing.uasset" 222
"../../Plugins/Editor/SpeedTreeImporter/Content/SpeedTree9/SpeedTreeMaster.uasset" 223
"../../../Engine/Content/ArtTools/RenderToTexture/Materials/Debug/M_Emissive_Color.uasset" 224
"../../../Engine/Content/BasicShapes/Cylinder.uasset" 225
"../../Plugins/Lumin/MagicLeapPassableWorld/Content/MagicLeapARPinInfoActor.uasset" 226
"../../../Engine/Content/Functions/Engine_MaterialFunctions02/Utility/BreakOutFloat4Components.uasset" 227
"../../../Engine/Content/Functions/Engine_MaterialFunctions02/Utility/MakeFloat3.uasset" 228
"../../Plugins/Runtime/Oculus/OculusVR/Content/Materials/OculusMR_ChromaKey.uasset" 229
"../../Plugins/Runtime/Oculus/OculusVR/Content/Materials/OculusMR_OpaqueColoredMaterial.uasset" 230
"../../Plugins/Runtime/Oculus/OculusVR/Content/Materials/PokeAHoleMaterial.uasset" 231
"../../../Engine/Content/MapTemplates/SM_Template_Map_Floor.uasset" 232
"../../../Engine/Content/EngineSky/T_Sky_Stars.uasset" 233
"../../../Engine/Content/EngineSky/T_Sky_Clouds_M.uasset" 234
"../../../Engine/Content/EngineSky/T_Sky_Blue.uasset" 235
"../../../Engine/Content/BasicShapes/Cube.uasset" 236
"E:/Unreal Engine Projects/ToonTanks/Content/Assets/Textures/T_BasicGrid_M.uasset" 237
"E:/Unreal Engine Projects/ToonTanks/Content/Assets/Materials/Functions/UV/UV_SetupGrid.uasset" 238
"../../../Engine/Content/Functions/Engine_MaterialFunctions02/Utility/VectorLength.uasset" 239
"../../../Engine/Content/Functions/Engine_MaterialFunctions02/WorldPositionOffset/ObjectScale.uasset" 240
"../../../Engine/Content/Functions/Engine_MaterialFunctions02/Utility/Sign.uasset" 241
"../../../Engine/Content/Functions/Engine_MaterialFunctions02/Utility/Round.uasset" 242
"E:/Unreal Engine Projects/ToonTanks/Content/Assets/Materials/Functions/UV/UV_ObjectScalable.uasset" 243
"E:/Unreal Engine Projects/ToonTanks/Content/Assets/Materials/Functions/Texture/Tex_SimpleGrid.uasset" 244
"E:/Unreal Engine Projects/ToonTanks/Content/Assets/Materials/Functions/Basic/BreakSet.uasset" 245
"E:/Unreal Engine Projects/ToonTanks/Content/Assets/Materials/Functions/Texture/Dye_SingleColor.uasset" 246
"E:/Unreal Engine Projects/ToonTanks/Content/Assets/Materials/Functions/Basic/MakeSet.uasset" 247
"E:/Unreal Engine Projects/ToonTanks/Content/Assets/Textures/T_BasicGrid_N.uasset" 248
"E:/Unreal Engine Projects/ToonTanks/Content/Assets/Materials/Base/M_GridBase.uasset" 249
"E:/Unreal Engine Projects/ToonTanks/Content/Assets/Materials/Base/M_Grid_Inst.uasset" 250
"../../../Engine/Content/EngineSky/M_Sky_Panning_Clouds2.uasset" 251
"E:/Unreal Engine Projects/ToonTanks/Content/Maps/Level0_BuiltData.uasset" 252
"E:/Unreal Engine Projects/ToonTanks/Content/Assets/Meshes/SM_TowerBase.uasset" 253
"E:/Unreal Engine Projects/ToonTanks/Content/Assets/Meshes/SM_TowerTurret.uasset" 254
"E:/Unreal Engine Projects/ToonTanks/Content/Blueprints/Pawns/BP_PawnTurret.uasset" 255
"../../../Engine/Content/EngineSky/SM_SkySphere.uasset" 256
"../../../Engine/Content/EngineSky/C_Sky_Zenith_Color.uasset" 257
"../../../Engine/Content/EngineSky/C_Sky_Horizon_Color.uasset" 258
"../../../Engine/Content/EngineSky/C_Sky_Cloud_Color.uasset" 259
"../../../Engine/Content/EditorBlueprintResources/StandardMacros.uasset" 260
"../../../Engine/Content/EngineSky/BP_Sky_Sphere.uasset" 261
"E:/Unreal Engine Projects/ToonTanks/Content/Maps/Level0.umap" 262
"E:/Unreal Engine Projects/ToonTanks/Content/Maps/Level1_BuiltData.uasset" 263
"E:/Unreal Engine Projects/ToonTanks/Content/Blueprints/Pawns/BP_PawnTurret_FastFire.uasset" 264
"E:/Unreal Engine Projects/ToonTanks/Content/Maps/Level1.umap" 265
"../../../Engine/Content/Maps/Entry_BuiltData.uasset" 266
"../../../Engine/Content/Maps/Entry.umap" 267
